<?xml version="1.0" encoding="UTF-8"?>
<testng-results skipped="0" failed="0" ignored="0" total="2" passed="2">
  <reporter-output>
    <line>
      <![CDATA[method11]]>
    </line>
    <line>
      <![CDATA[method21]]>
    </line>
  </reporter-output>
  <suite name="Default suite" duration-ms="85" started-at="2022-08-29T14:00:51 IST" finished-at="2022-08-29T14:00:51 IST">
    <groups>
    </groups>
    <test name="Default test" duration-ms="85" started-at="2022-08-29T14:00:51 IST" finished-at="2022-08-29T14:00:51 IST">
      <class name="testngpack.TestMethod1">
        <test-method status="PASS" signature="method1()[pri:0, instance:testngpack.TestMethod1@1e965684]" name="method1" duration-ms="14" started-at="2022-08-29T14:00:51 IST" finished-at="2022-08-29T14:00:51 IST">
          <reporter-output>
            <line>
              <![CDATA[method11]]>
            </line>
          </reporter-output>
        </test-method> <!-- method1 -->
        <test-method status="PASS" signature="method2()[pri:0, instance:testngpack.TestMethod1@1e965684]" name="method2" duration-ms="2" started-at="2022-08-29T14:00:51 IST" finished-at="2022-08-29T14:00:51 IST">
          <reporter-output>
            <line>
              <![CDATA[method21]]>
            </line>
          </reporter-output>
        </test-method> <!-- method2 -->
      </class> <!-- testngpack.TestMethod1 -->
    </test> <!-- Default test -->
  </suite> <!-- Default suite -->
</testng-results>
